# ELBREAD: Elaboration process.
# ELBREAD: Elaboration time 0.0 [s].
acom $DSN/src/Memory.vhd
# Compile...
# File: c:\My_Designs\design3\design0\src\Memory.vhd
# Compile Entity "Memory"
# Entity `Memory' has been skipped - no difference detected.
# Compile Architecture "behavioral" of Entity "Memory"
# Compile success 0 Errors 0 Warnings  Analysis time :  0.3 [s]
asim register_a_tb behavior
# ELBREAD: Elaboration process.
# ELBREAD: Elaboration time 0.0 [s].
# asim: Stack memory: 32MB
# asim: Retval memory: 32MB
# KERNEL: Main thread initiated.
# KERNEL: Kernel process initialization phase.
# KERNEL: Time resolution set to 1ps.
# ELAB2: Elaboration final pass...
# ELAB2: Create instances ...
# ELAB2: Create instances complete.
# ELAB2: Elaboration final pass complete - time: 0.3 [s].
# KERNEL: Kernel process initialization done.
# Allocation: Simulator allocated 2423 kB (elbread=1070 elab2=304 kernel=1049 sdf=0)
# 12:58 AM, Saturday, April 26, 2025
# Simulation has been initialized
# Selected Top-Level: register_a_tb (behavior)
run 100ns
# EXECUTION:: NOTE   : register_a_tb completed successfully.
# EXECUTION:: Time: 50 ns,  Iteration: 0,  TOP instance,  Process: stim_proc.
# KERNEL: stopped at time: 100 ns
endsim
# All when statements cleared.
# Simulation has been stopped
acom $DSN/src/Memory.vhd
# Compile...
# File: c:\My_Designs\design3\design0\src\Memory.vhd
# Compile Entity "Memory"
# Entity `Memory' has been skipped - no difference detected.
# Compile Architecture "behavioral" of Entity "Memory"
# Compile success 0 Errors 0 Warnings  Analysis time :  0.1 [s]
# ELBREAD: Elaboration process.
# ELBREAD: Elaboration time 0.0 [s].
asim memory_tb behavior
# ELBREAD: Elaboration process.
# ELBREAD: Elaboration time 0.0 [s].
# asim: Stack memory: 32MB
# asim: Retval memory: 32MB
# KERNEL: Main thread initiated.
# KERNEL: Kernel process initialization phase.
# KERNEL: Time resolution set to 1ps.
# ELAB2: Elaboration final pass...
# ELAB2: Create instances ...
# ELAB2: Create instances complete.
# ELAB2: Elaboration final pass complete - time: 0.3 [s].
# KERNEL: Kernel process initialization done.
# Allocation: Simulator allocated 3774 kB (elbread=1070 elab2=1527 kernel=1177 sdf=0)
# 12:59 AM, Saturday, April 26, 2025
# Simulation has been initialized
# Selected Top-Level: memory_tb (behavior)
run 100ns
# KERNEL: stopped at time: 100 ns
run 100ns
# EXECUTION:: NOTE   : Simulation completed successfully. All tests passed.
# EXECUTION:: Time: 120 ns,  Iteration: 0,  TOP instance,  Process: stim_proc.
# KERNEL: stopped at time: 200 ns
endsim
# All when statements cleared.
# Simulation has been stopped
